<?xml version="1.0" encoding="UTF-8"?>
<!-- Generated by org.testng.reporters.JUnitReportReporter -->
<testsuite hostname="DESKTOP-BOCD8M5" failures="0" tests="1" name="com.iplacex.ServletTest" time="0.055" errors="0" timestamp="2023-08-24T11:10:53 CLT" skipped="0">
  <testcase classname="com.iplacex.ServletTest" name="testVerificarCredenciales" time="0.055"/>
</testsuite> <!-- com.iplacex.ServletTest -->
